<?xml version="1.0" encoding="UTF-8"?>
<testsuite name="Spek" tests="3" skipped="0" failures="0" errors="0" time="1.17" hostname="vaishnavis-mbp.vidmark.local" timestamp="2018-07-02T10:25:50">
<properties>
[...]
</properties>
<testcase name="it when unauthorized request is called" classname="describe JWTtests" time="0.523">
<system-out><![CDATA[
unique-id: [engine:spek]/[spec:example.micronaut.JwtAuthTest]/[group:describe JWTtests]/[test:it when unauthorized request is called]
display-name: it when unauthorized request is called
]]></system-out>
</testcase>
<testcase name="it when login endpoint is called with credentials" classname="describe JWTtests" time="0.594">
<system-out><![CDATA[
unique-id: [engine:spek]/[spec:example.micronaut.JwtAuthTest]/[group:describe JWTtests]/[test:it when login endpoint is called with credentials]
display-name: it when login endpoint is called with credentials
]]></system-out>
</testcase>
<testcase name="it refresh access token" classname="describe JWTtests" time="0.048">
<system-out><![CDATA[
unique-id: [engine:spek]/[spec:example.micronaut.JwtAuthTest]/[group:describe JWTtests]/[test:it refresh access token]
display-name: it refresh access token
]]></system-out>
</testcase>
<system-out><![CDATA[
unique-id: [engine:spek]
display-name: Spek
]]></system-out>
</testsuite>
